<?xml version="1.0" encoding="UTF-8"?>
<testng-results ignored="0" total="2" passed="2" failed="0" skipped="0">
  <reporter-output>
    <line>
      <![CDATA[After Click On View URL IS  https://10.10.10.14:9443/showAuditWorkbenchPage?auditId=1101]]>
    </line>
    <line>
      <![CDATA[Internal Audit Number Are Matching]]>
    </line>
    <line>
      <![CDATA[System will open Auditee Workbench page with tabs:Controls]]>
    </line>
    <line>
      <![CDATA[System will open Auditee Workbench page with tabs Is Display:true]]>
    </line>
    <line>
      <![CDATA[System will open Auditee Workbench page with tabs:Issues]]>
    </line>
    <line>
      <![CDATA[System will open Auditee Workbench page with tabs Is Display:true]]>
    </line>
    <line>
      <![CDATA[System will open Auditee Workbench page with tabs:Upload]]>
    </line>
    <line>
      <![CDATA[System will open Auditee Workbench page with tabs Is Display:true]]>
    </line>
    <line>
      <![CDATA[System will open Auditee Workbench page with tabs:Stakeholders]]>
    </line>
    <line>
      <![CDATA[System will open Auditee Workbench page with tabs Is Display:true]]>
    </line>
    <line>
      <![CDATA[System will open Auditee Workbench page with tabs:Checklist]]>
    </line>
    <line>
      <![CDATA[System will open Auditee Workbench page with tabs Is Display:true]]>
    </line>
    <line>
      <![CDATA[System will open Auditee Workbench page with tabs:Samples Download]]>
    </line>
    <line>
      <![CDATA[System will open Auditee Workbench page with tabs Is Display:true]]>
    </line>
    <line>
      <![CDATA[System will open Auditee Workbench page with tabs:Comments]]>
    </line>
    <line>
      <![CDATA[System will open Auditee Workbench page with tabs Is Display:true]]>
    </line>
    <line>
      <![CDATA[System will open Auditee Workbench page with tabs:Audit]]>
    </line>
    <line>
      <![CDATA[System will open Auditee Workbench page with tabs Is Display:true]]>
    </line>
  </reporter-output>
  <suite started-at="2022-05-09T10:14:13Z" name="TestSuite" finished-at="2022-05-09T10:14:49Z" duration-ms="35797">
    <groups>
    </groups>
    <test started-at="2022-05-09T10:14:13Z" name="ChromeTest" finished-at="2022-05-09T10:14:49Z" duration-ms="35797">
      <class name="finarya_Tests.TC37_AuditorWorkbench">
        <test-method is-config="true" signature="LaunchBrowser(java.lang.String, java.lang.String)[pri:0, instance:finarya_Tests.TC37_AuditorWorkbench@3c3d9b6b]" started-at="2022-05-09T10:14:13Z" name="LaunchBrowser" finished-at="2022-05-09T10:14:18Z" duration-ms="4901" status="PASS">
          <params>
            <param index="0">
              <value>
                <![CDATA[Chrome]]>
              </value>
            </param>
            <param index="1">
              <value>
                <![CDATA[https://10.10.10.14:9443/]]>
              </value>
            </param>
          </params>
          <reporter-output>
          </reporter-output>
        </test-method> <!-- LaunchBrowser -->
        <test-method signature="validLogin(java.lang.String, java.lang.String)[pri:0, instance:finarya_Tests.TC37_AuditorWorkbench@3c3d9b6b]" started-at="2022-05-09T10:14:18Z" name="validLogin" data-provider="Login" finished-at="2022-05-09T10:14:24Z" duration-ms="5520" status="PASS">
          <params>
            <param index="0">
              <value>
                <![CDATA[admin]]>
              </value>
            </param>
            <param index="1">
              <value>
                <![CDATA[Admin@1234]]>
              </value>
            </param>
          </params>
          <reporter-output>
          </reporter-output>
        </test-method> <!-- validLogin -->
        <test-method signature="auditeeworkbench()[pri:1, instance:finarya_Tests.TC37_AuditorWorkbench@3c3d9b6b]" started-at="2022-05-09T10:14:24Z" name="auditeeworkbench" finished-at="2022-05-09T10:14:47Z" duration-ms="23264" status="PASS">
          <reporter-output>
            <line>
              <![CDATA[After Click On View URL IS  https://10.10.10.14:9443/showAuditWorkbenchPage?auditId=1101]]>
            </line>
            <line>
              <![CDATA[Internal Audit Number Are Matching]]>
            </line>
            <line>
              <![CDATA[System will open Auditee Workbench page with tabs:Controls]]>
            </line>
            <line>
              <![CDATA[System will open Auditee Workbench page with tabs Is Display:true]]>
            </line>
            <line>
              <![CDATA[System will open Auditee Workbench page with tabs:Issues]]>
            </line>
            <line>
              <![CDATA[System will open Auditee Workbench page with tabs Is Display:true]]>
            </line>
            <line>
              <![CDATA[System will open Auditee Workbench page with tabs:Upload]]>
            </line>
            <line>
              <![CDATA[System will open Auditee Workbench page with tabs Is Display:true]]>
            </line>
            <line>
              <![CDATA[System will open Auditee Workbench page with tabs:Stakeholders]]>
            </line>
            <line>
              <![CDATA[System will open Auditee Workbench page with tabs Is Display:true]]>
            </line>
            <line>
              <![CDATA[System will open Auditee Workbench page with tabs:Checklist]]>
            </line>
            <line>
              <![CDATA[System will open Auditee Workbench page with tabs Is Display:true]]>
            </line>
            <line>
              <![CDATA[System will open Auditee Workbench page with tabs:Samples Download]]>
            </line>
            <line>
              <![CDATA[System will open Auditee Workbench page with tabs Is Display:true]]>
            </line>
            <line>
              <![CDATA[System will open Auditee Workbench page with tabs:Comments]]>
            </line>
            <line>
              <![CDATA[System will open Auditee Workbench page with tabs Is Display:true]]>
            </line>
            <line>
              <![CDATA[System will open Auditee Workbench page with tabs:Audit]]>
            </line>
            <line>
              <![CDATA[System will open Auditee Workbench page with tabs Is Display:true]]>
            </line>
          </reporter-output>
        </test-method> <!-- auditeeworkbench -->
        <test-method is-config="true" signature="Logout()[pri:0, instance:finarya_Tests.TC37_AuditorWorkbench@3c3d9b6b]" started-at="2022-05-09T10:14:47Z" name="Logout" finished-at="2022-05-09T10:14:49Z" duration-ms="2058" status="PASS">
          <reporter-output>
          </reporter-output>
        </test-method> <!-- Logout -->
      </class> <!-- finarya_Tests.TC37_AuditorWorkbench -->
    </test> <!-- ChromeTest -->
  </suite> <!-- TestSuite -->
</testng-results>
